1599537765161|16|statement|connection 0|SELECT 1 FROM DUAL|SELECT 1 FROM DUAL
1599538091050|14|statement|connection 0|SELECT 1 FROM DUAL|SELECT 1 FROM DUAL
1600046665231|62|statement|connection 0|SELECT 1 FROM DUAL|SELECT 1 FROM DUAL
1600051341963|64|statement|connection 0|SELECT 1 FROM DUAL|SELECT 1 FROM DUAL
1600051362508|56|statement|connection 0|SELECT * FROM user WHERE id = ?|SELECT * FROM user WHERE id = 1
1600069534347|75|statement|connection 0|SELECT 1 FROM DUAL|SELECT 1 FROM DUAL
1600070247690|44|statement|connection 1|SELECT 1 FROM DUAL|SELECT 1 FROM DUAL
1600075529658|43|statement|connection 0|SELECT 1 FROM DUAL|SELECT 1 FROM DUAL
1600075609334|45|statement|connection 0|SELECT 1 FROM DUAL|SELECT 1 FROM DUAL
1600075731891|46|statement|connection 0|SELECT 1 FROM DUAL|SELECT 1 FROM DUAL
1600076243342|43|statement|connection 0|SELECT 1 FROM DUAL|SELECT 1 FROM DUAL
1600076326349|42|statement|connection 0|SELECT 1 FROM DUAL|SELECT 1 FROM DUAL
1600076409955|47|statement|connection 0|SELECT 1 FROM DUAL|SELECT 1 FROM DUAL
1600077101721|53|statement|connection 0|SELECT 1 FROM DUAL|SELECT 1 FROM DUAL
1600077290414|49|statement|connection 0|SELECT 1 FROM DUAL|SELECT 1 FROM DUAL
1600077687201|43|statement|connection 0|SELECT 1 FROM DUAL|SELECT 1 FROM DUAL
1600077725296|46|statement|connection 0|SELECT 1 FROM DUAL|SELECT 1 FROM DUAL
1600078767067|41|statement|connection 0|SELECT 1 FROM DUAL|SELECT 1 FROM DUAL
1600078828811|54|statement|connection 0|SELECT 1 FROM DUAL|SELECT 1 FROM DUAL
1600079006276|42|statement|connection 0|SELECT 1 FROM DUAL|SELECT 1 FROM DUAL
1600079078172|32|statement|connection 1|SELECT 1 FROM DUAL|SELECT 1 FROM DUAL
1600079083970|45|statement|connection 1|SELECT * FROM user WHERE last_name = ?|SELECT * FROM user WHERE last_name = NULL
1600079113427|46|statement|connection 0|SELECT 1 FROM DUAL|SELECT 1 FROM DUAL
1600079156332|52|statement|connection 0|SELECT * FROM user WHERE last_name = ?|SELECT * FROM user WHERE last_name = '179000312'
1600079232118|47|statement|connection 0|SELECT 1 FROM DUAL|SELECT 1 FROM DUAL
1600079256017|37|statement|connection 0|SELECT * FROM user WHERE login_name = ?|SELECT * FROM user WHERE login_name = '179000312'
1600079598580|42|statement|connection 0|SELECT 1 FROM DUAL|SELECT 1 FROM DUAL
1600079640365|44|statement|connection 0|SELECT 1 FROM DUAL|SELECT 1 FROM DUAL
1600079693885|37|statement|connection 0|SELECT * FROM user WHERE login_name = ?|SELECT * FROM user WHERE login_name = '179000312'
1600079786900|54|statement|connection 0|SELECT 1 FROM DUAL|SELECT 1 FROM DUAL
1600080658597|39|statement|connection 0|SELECT 1 FROM DUAL|SELECT 1 FROM DUAL
1600080729538|54|statement|connection 0|SELECT 1 FROM DUAL|SELECT 1 FROM DUAL
1600080817659|48|statement|connection 0|SELECT 1 FROM DUAL|SELECT 1 FROM DUAL
1600080827970|41|statement|connection 0|SELECT * FROM user WHERE login_name = ?|SELECT * FROM user WHERE login_name = '179000312'
